<?xml version="1.0" encoding="UTF-8"?>
<!-- Generated by org.testng.reporters.JUnitReportReporter -->
<testsuite hostname="WINCTRL-DBGLLAU" failures="0" tests="3" name="com.Contact.TC_01_CreateContactTest" time="0.014" errors="0" timestamp="2021-09-22T17:34:11 IST" skipped="0">
  <testcase classname="com.Contact.TC_01_CreateContactTest" name="createContactWithOrgTest" time="0.002"/>
  <system-out/>
  <testcase classname="com.Contact.TC_01_CreateContactTest" name="createContactTest" time="0.009"/>
  <system-out/>
  <testcase classname="com.Contact.TC_01_CreateContactTest" name="deleteContactTest" time="0.003"/>
  <system-out/>
</testsuite> <!-- com.Contact.TC_01_CreateContactTest -->
