<?xml version="1.0" encoding="UTF-8"?>
<!-- Generated by org.testng.reporters.JUnitReportReporter -->
<testsuite skipped="0" hostname="WINCTRL-DBGLLAU" name="com.Organisation.TC_01_CreateOrgTest" tests="1" failures="0" timestamp="2021-09-23T10:49:03 IST" time="0.000" errors="0">
  <testcase name="createOrgTest" time="0.000" classname="com.Organisation.TC_01_CreateOrgTest"/>
  <system-out/>
</testsuite> <!-- com.Organisation.TC_01_CreateOrgTest -->
