<?xml version="1.0" encoding="UTF-8"?>
<!-- Generated by org.testng.reporters.JUnitReportReporter -->
<testsuite skipped="0" hostname="WINCTRL-DBGLLAU" name="com.Contact.TC_01_CreateContactTest" tests="1" failures="0" timestamp="2021-09-23T10:49:03 IST" time="0.005" errors="0">
  <testcase name="createContactTest" time="0.005" classname="com.Contact.TC_01_CreateContactTest"/>
  <system-out/>
</testsuite> <!-- com.Contact.TC_01_CreateContactTest -->
