<?xml version="1.0" encoding="UTF-8"?>
<!-- Generated by org.testng.reporters.JUnitReportReporter -->
<testsuite skipped="0" hostname="WINCTRL-DBGLLAU" name="com.Organisation.TC_01_CreateOrgTest" tests="3" failures="0" timestamp="2021-09-23T10:07:48 IST" time="0.002" errors="0">
  <testcase name="createOrgWithIndTest" time="0.001" classname="com.Organisation.TC_01_CreateOrgTest"/>
  <system-out/>
  <testcase name="deleteOrgTest" time="0.001" classname="com.Organisation.TC_01_CreateOrgTest"/>
  <system-out/>
  <testcase name="createOrgTest" time="0.000" classname="com.Organisation.TC_01_CreateOrgTest"/>
  <system-out/>
</testsuite> <!-- com.Organisation.TC_01_CreateOrgTest -->
