<?xml version="1.0" encoding="UTF-8"?>
<!-- Generated by org.testng.reporters.JUnitReportReporter -->
<testsuite skipped="0" hostname="WINCTRL-DBGLLAU" name="com.Contact.TC_01_CreateContactTest" tests="3" failures="0" timestamp="2021-09-23T10:08:00 IST" time="0.005" errors="0">
  <testcase name="createContactTest" time="0.004" classname="com.Contact.TC_01_CreateContactTest"/>
  <system-out/>
  <testcase name="deleteContactTest" time="0.001" classname="com.Contact.TC_01_CreateContactTest"/>
  <system-out/>
  <testcase name="createContactWithOrgTest" time="0.000" classname="com.Contact.TC_01_CreateContactTest"/>
  <system-out/>
</testsuite> <!-- com.Contact.TC_01_CreateContactTest -->
